Started GET "/recruits" for ::1 at 2020-04-02 02:55:51 +0900
  [1m[35m (2.2ms)[0m  [1m[34mSELECT sqlite_version(*)[0m
  
ActionController::RoutingError (No route matches [GET] "/recruits"):
  
actionpack (6.0.2.1) lib/action_dispatch/middleware/debug_exceptions.rb:36:in `call'
web-console (4.0.1) lib/web_console/middleware.rb:132:in `call_app'
web-console (4.0.1) lib/web_console/middleware.rb:28:in `block in call'
web-console (4.0.1) lib/web_console/middleware.rb:17:in `catch'
web-console (4.0.1) lib/web_console/middleware.rb:17:in `call'
actionpack (6.0.2.1) lib/action_dispatch/middleware/show_exceptions.rb:33:in `call'
railties (6.0.2.1) lib/rails/rack/logger.rb:38:in `call_app'
railties (6.0.2.1) lib/rails/rack/logger.rb:26:in `block in call'
activesupport (6.0.2.1) lib/active_support/tagged_logging.rb:80:in `block in tagged'
activesupport (6.0.2.1) lib/active_support/tagged_logging.rb:28:in `tagged'
activesupport (6.0.2.1) lib/active_support/tagged_logging.rb:80:in `tagged'
railties (6.0.2.1) lib/rails/rack/logger.rb:26:in `call'
sprockets-rails (3.2.1) lib/sprockets/rails/quiet_assets.rb:13:in `call'
actionpack (6.0.2.1) lib/action_dispatch/middleware/remote_ip.rb:81:in `call'
actionpack (6.0.2.1) lib/action_dispatch/middleware/request_id.rb:27:in `call'
rack (2.0.8) lib/rack/method_override.rb:22:in `call'
rack (2.0.8) lib/rack/runtime.rb:22:in `call'
activesupport (6.0.2.1) lib/active_support/cache/strategy/local_cache_middleware.rb:29:in `call'
actionpack (6.0.2.1) lib/action_dispatch/middleware/executor.rb:14:in `call'
actionpack (6.0.2.1) lib/action_dispatch/middleware/static.rb:126:in `call'
rack (2.0.8) lib/rack/sendfile.rb:111:in `call'
actionpack (6.0.2.1) lib/action_dispatch/middleware/host_authorization.rb:83:in `call'
webpacker (4.2.2) lib/webpacker/dev_server_proxy.rb:23:in `perform_request'
rack-proxy (0.6.5) lib/rack/proxy.rb:57:in `call'
railties (6.0.2.1) lib/rails/engine.rb:526:in `call'
puma (4.3.1) lib/puma/configuration.rb:228:in `call'
puma (4.3.1) lib/puma/server.rb:681:in `handle_request'
puma (4.3.1) lib/puma/server.rb:472:in `process_client'
puma (4.3.1) lib/puma/server.rb:328:in `block in run'
puma (4.3.1) lib/puma/thread_pool.rb:134:in `block in spawn_thread'
Started GET "/" for ::1 at 2020-04-02 02:55:57 +0900
Processing by Rails::WelcomeController#index as HTML
  Rendering /Users/minami/.rbenv/versions/2.5.1/lib/ruby/gems/2.5.0/gems/railties-6.0.2.1/lib/rails/templates/rails/welcome/index.html.erb
  Rendered /Users/minami/.rbenv/versions/2.5.1/lib/ruby/gems/2.5.0/gems/railties-6.0.2.1/lib/rails/templates/rails/welcome/index.html.erb (Duration: 7.8ms | Allocations: 200)
Completed 200 OK in 11ms (Views: 8.7ms | ActiveRecord: 0.0ms | Allocations: 1001)


Started GET "/" for ::1 at 2020-04-03 02:31:42 +0900
  [1m[35m (1.6ms)[0m  [1m[34mSELECT sqlite_version(*)[0m
Processing by Rails::WelcomeController#index as HTML
  Rendering /Users/minami/.rbenv/versions/2.5.1/lib/ruby/gems/2.5.0/gems/railties-6.0.2.1/lib/rails/templates/rails/welcome/index.html.erb
  Rendered /Users/minami/.rbenv/versions/2.5.1/lib/ruby/gems/2.5.0/gems/railties-6.0.2.1/lib/rails/templates/rails/welcome/index.html.erb (Duration: 11.9ms | Allocations: 485)
Completed 200 OK in 31ms (Views: 19.3ms | ActiveRecord: 0.0ms | Allocations: 2766)


  [1m[35m (1.7ms)[0m  [1m[34mSELECT sqlite_version(*)[0m
  [1m[35m (2.3ms)[0m  [1m[35mCREATE TABLE "schema_migrations" ("version" varchar NOT NULL PRIMARY KEY)[0m
  [1m[35m (1.7ms)[0m  [1m[35mCREATE TABLE "ar_internal_metadata" ("key" varchar NOT NULL PRIMARY KEY, "value" varchar, "created_at" datetime(6) NOT NULL, "updated_at" datetime(6) NOT NULL)[0m
  [1m[35m (0.2ms)[0m  [1m[34mSELECT "schema_migrations"."version" FROM "schema_migrations" ORDER BY "schema_migrations"."version" ASC[0m
Migrating to CreateUsers (20200403193939)
  [1m[35m (0.1ms)[0m  [1m[36mbegin transaction[0m
  [1m[35m (0.7ms)[0m  [1m[35mCREATE TABLE "users" ("id" integer PRIMARY KEY AUTOINCREMENT NOT NULL, "name" varchar, "email" varchar, "created_at" datetime(6) NOT NULL, "updated_at" datetime(6) NOT NULL)[0m
  [1m[36mprimary::SchemaMigration Create (1.5ms)[0m  [1m[32mINSERT INTO "schema_migrations" ("version") VALUES (?)[0m  [["version", "20200403193939"]]
  [1m[35m (1.6ms)[0m  [1m[36mcommit transaction[0m
  [1m[36mActiveRecord::InternalMetadata Load (0.3ms)[0m  [1m[34mSELECT "ar_internal_metadata".* FROM "ar_internal_metadata" WHERE "ar_internal_metadata"."key" = ? LIMIT ?[0m  [["key", "environment"], ["LIMIT", 1]]
  [1m[35m (0.1ms)[0m  [1m[36mbegin transaction[0m
  [1m[36mActiveRecord::InternalMetadata Create (0.5ms)[0m  [1m[32mINSERT INTO "ar_internal_metadata" ("key", "value", "created_at", "updated_at") VALUES (?, ?, ?, ?)[0m  [["key", "environment"], ["value", "development"], ["created_at", "2020-04-03 19:42:46.495829"], ["updated_at", "2020-04-03 19:42:46.495829"]]
  [1m[35m (3.1ms)[0m  [1m[36mcommit transaction[0m
  [1m[35m (0.1ms)[0m  [1m[34mSELECT sqlite_version(*)[0m
  [1m[35m (0.5ms)[0m  [1m[34mSELECT "schema_migrations"."version" FROM "schema_migrations" ORDER BY "schema_migrations"."version" ASC[0m
Started GET "/recruits" for ::1 at 2020-04-04 19:01:28 +0900
  [1m[35m (3.4ms)[0m  [1m[34mSELECT sqlite_version(*)[0m
  [1m[35m (0.7ms)[0m  [1m[34mSELECT "schema_migrations"."version" FROM "schema_migrations" ORDER BY "schema_migrations"."version" ASC[0m
  
ActionController::RoutingError (No route matches [GET] "/recruits"):
  
actionpack (6.0.2.1) lib/action_dispatch/middleware/debug_exceptions.rb:36:in `call'
web-console (4.0.1) lib/web_console/middleware.rb:132:in `call_app'
web-console (4.0.1) lib/web_console/middleware.rb:28:in `block in call'
web-console (4.0.1) lib/web_console/middleware.rb:17:in `catch'
web-console (4.0.1) lib/web_console/middleware.rb:17:in `call'
actionpack (6.0.2.1) lib/action_dispatch/middleware/show_exceptions.rb:33:in `call'
railties (6.0.2.1) lib/rails/rack/logger.rb:38:in `call_app'
railties (6.0.2.1) lib/rails/rack/logger.rb:26:in `block in call'
activesupport (6.0.2.1) lib/active_support/tagged_logging.rb:80:in `block in tagged'
activesupport (6.0.2.1) lib/active_support/tagged_logging.rb:28:in `tagged'
activesupport (6.0.2.1) lib/active_support/tagged_logging.rb:80:in `tagged'
railties (6.0.2.1) lib/rails/rack/logger.rb:26:in `call'
sprockets-rails (3.2.1) lib/sprockets/rails/quiet_assets.rb:13:in `call'
actionpack (6.0.2.1) lib/action_dispatch/middleware/remote_ip.rb:81:in `call'
actionpack (6.0.2.1) lib/action_dispatch/middleware/request_id.rb:27:in `call'
rack (2.0.8) lib/rack/method_override.rb:22:in `call'
rack (2.0.8) lib/rack/runtime.rb:22:in `call'
activesupport (6.0.2.1) lib/active_support/cache/strategy/local_cache_middleware.rb:29:in `call'
actionpack (6.0.2.1) lib/action_dispatch/middleware/executor.rb:14:in `call'
actionpack (6.0.2.1) lib/action_dispatch/middleware/static.rb:126:in `call'
rack (2.0.8) lib/rack/sendfile.rb:111:in `call'
actionpack (6.0.2.1) lib/action_dispatch/middleware/host_authorization.rb:83:in `call'
webpacker (4.2.2) lib/webpacker/dev_server_proxy.rb:23:in `perform_request'
rack-proxy (0.6.5) lib/rack/proxy.rb:57:in `call'
railties (6.0.2.1) lib/rails/engine.rb:526:in `call'
puma (4.3.1) lib/puma/configuration.rb:228:in `call'
puma (4.3.1) lib/puma/server.rb:681:in `handle_request'
puma (4.3.1) lib/puma/server.rb:472:in `process_client'
puma (4.3.1) lib/puma/server.rb:328:in `block in run'
puma (4.3.1) lib/puma/thread_pool.rb:134:in `block in spawn_thread'
Started GET "/" for ::1 at 2020-04-04 19:01:31 +0900
Processing by Rails::WelcomeController#index as HTML
  Rendering /Users/minami/.rbenv/versions/2.5.1/lib/ruby/gems/2.5.0/gems/railties-6.0.2.1/lib/rails/templates/rails/welcome/index.html.erb
  Rendered /Users/minami/.rbenv/versions/2.5.1/lib/ruby/gems/2.5.0/gems/railties-6.0.2.1/lib/rails/templates/rails/welcome/index.html.erb (Duration: 9.3ms | Allocations: 200)
Completed 200 OK in 14ms (Views: 10.9ms | ActiveRecord: 0.0ms | Allocations: 1040)


Started GET "/" for ::1 at 2020-04-04 19:03:08 +0900
Processing by Rails::WelcomeController#index as HTML
  Rendering /Users/minami/.rbenv/versions/2.5.1/lib/ruby/gems/2.5.0/gems/railties-6.0.2.1/lib/rails/templates/rails/welcome/index.html.erb
  Rendered /Users/minami/.rbenv/versions/2.5.1/lib/ruby/gems/2.5.0/gems/railties-6.0.2.1/lib/rails/templates/rails/welcome/index.html.erb (Duration: 12.3ms | Allocations: 195)
Completed 200 OK in 20ms (Views: 17.9ms | ActiveRecord: 0.0ms | Allocations: 1304)


Started GET "/h" for ::1 at 2020-04-04 19:03:14 +0900
  
ActionController::RoutingError (No route matches [GET] "/h"):
  
actionpack (6.0.2.1) lib/action_dispatch/middleware/debug_exceptions.rb:36:in `call'
web-console (4.0.1) lib/web_console/middleware.rb:132:in `call_app'
web-console (4.0.1) lib/web_console/middleware.rb:28:in `block in call'
web-console (4.0.1) lib/web_console/middleware.rb:17:in `catch'
web-console (4.0.1) lib/web_console/middleware.rb:17:in `call'
actionpack (6.0.2.1) lib/action_dispatch/middleware/show_exceptions.rb:33:in `call'
railties (6.0.2.1) lib/rails/rack/logger.rb:38:in `call_app'
railties (6.0.2.1) lib/rails/rack/logger.rb:26:in `block in call'
activesupport (6.0.2.1) lib/active_support/tagged_logging.rb:80:in `block in tagged'
activesupport (6.0.2.1) lib/active_support/tagged_logging.rb:28:in `tagged'
activesupport (6.0.2.1) lib/active_support/tagged_logging.rb:80:in `tagged'
railties (6.0.2.1) lib/rails/rack/logger.rb:26:in `call'
sprockets-rails (3.2.1) lib/sprockets/rails/quiet_assets.rb:13:in `call'
actionpack (6.0.2.1) lib/action_dispatch/middleware/remote_ip.rb:81:in `call'
actionpack (6.0.2.1) lib/action_dispatch/middleware/request_id.rb:27:in `call'
rack (2.0.8) lib/rack/method_override.rb:22:in `call'
rack (2.0.8) lib/rack/runtime.rb:22:in `call'
activesupport (6.0.2.1) lib/active_support/cache/strategy/local_cache_middleware.rb:29:in `call'
actionpack (6.0.2.1) lib/action_dispatch/middleware/executor.rb:14:in `call'
actionpack (6.0.2.1) lib/action_dispatch/middleware/static.rb:126:in `call'
rack (2.0.8) lib/rack/sendfile.rb:111:in `call'
actionpack (6.0.2.1) lib/action_dispatch/middleware/host_authorization.rb:83:in `call'
webpacker (4.2.2) lib/webpacker/dev_server_proxy.rb:23:in `perform_request'
rack-proxy (0.6.5) lib/rack/proxy.rb:57:in `call'
railties (6.0.2.1) lib/rails/engine.rb:526:in `call'
puma (4.3.1) lib/puma/configuration.rb:228:in `call'
puma (4.3.1) lib/puma/server.rb:681:in `handle_request'
puma (4.3.1) lib/puma/server.rb:472:in `process_client'
puma (4.3.1) lib/puma/server.rb:328:in `block in run'
puma (4.3.1) lib/puma/thread_pool.rb:134:in `block in spawn_thread'
Started GET "/users" for ::1 at 2020-04-04 19:03:25 +0900
Processing by UsersController#index as HTML
  Rendering users/index.html.erb within layouts/application
  [1m[36mUser Load (0.8ms)[0m  [1m[34mSELECT "users".* FROM "users"[0m
  â†³ app/views/users/index.html.erb:15
  Rendered users/index.html.erb within layouts/application (Duration: 5.7ms | Allocations: 1331)
[Webpacker] Compiling...
[Webpacker] Compiled all packs in /Users/minami/toy_app/public/packs
[Webpacker] Hash: 32e57f147dbdcbbf0c82
Version: webpack 4.42.1
Time: 2554ms
Built at: 2020-04-04 19:03:31
                                     Asset       Size       Chunks                         Chunk Names
    js/application-bbe9c4a129ab949e0636.js    124 KiB  application  [emitted] [immutable]  application
js/application-bbe9c4a129ab949e0636.js.map    139 KiB  application  [emitted] [dev]        application
                             manifest.json  364 bytes               [emitted]              
Entrypoint application = js/application-bbe9c4a129ab949e0636.js js/application-bbe9c4a129ab949e0636.js.map
[./app/javascript/channels sync recursive _channel\.js$] ./app/javascript/channels sync _channel\.js$ 160 bytes {application} [built]
[./app/javascript/channels/index.js] 211 bytes {application} [built]
[./app/javascript/packs/application.js] 749 bytes {application} [built]
[./node_modules/webpack/buildin/module.js] (webpack)/buildin/module.js 552 bytes {application} [built]
    + 3 hidden modules

Completed 200 OK in 6069ms (Views: 6063.0ms | ActiveRecord: 1.5ms | Allocations: 24210)


Started GET "/users/new" for ::1 at 2020-04-04 19:04:07 +0900
Processing by UsersController#new as HTML
  Rendering users/new.html.erb within layouts/application
  Rendered users/_form.html.erb (Duration: 31.8ms | Allocations: 8733)
  Rendered users/new.html.erb within layouts/application (Duration: 33.5ms | Allocations: 9096)
[Webpacker] Everything's up-to-date. Nothing to do
Completed 200 OK in 58ms (Views: 42.2ms | ActiveRecord: 1.7ms | Allocations: 16770)


Started POST "/users" for ::1 at 2020-04-04 19:04:28 +0900
Processing by UsersController#create as HTML
  Parameters: {"authenticity_token"=>"75//bAFgHr/JuR87B8W2JrWOB+wGLYd5GFaamGL45zwYn3X+tvfof3mnVIUb/xFlnbiYFl7An/AdRghX7xaaug==", "user"=>{"name"=>"ãƒŸãƒŠãƒŸ", "email"=>"minami@gmail.com"}, "commit"=>"Create User"}
  [1m[35m (0.1ms)[0m  [1m[36mbegin transaction[0m
  â†³ app/controllers/users_controller.rb:30:in `block in create'
  [1m[36mUser Create (1.2ms)[0m  [1m[32mINSERT INTO "users" ("name", "email", "created_at", "updated_at") VALUES (?, ?, ?, ?)[0m  [["name", "ãƒŸãƒŠãƒŸ"], ["email", "minami@gmail.com"], ["created_at", "2020-04-04 10:04:28.786727"], ["updated_at", "2020-04-04 10:04:28.786727"]]
  â†³ app/controllers/users_controller.rb:30:in `block in create'
  [1m[35m (1.7ms)[0m  [1m[36mcommit transaction[0m
  â†³ app/controllers/users_controller.rb:30:in `block in create'
Redirected to http://localhost:3000/users/1
Completed 302 Found in 13ms (ActiveRecord: 3.0ms | Allocations: 2865)


Started GET "/users/1" for ::1 at 2020-04-04 19:04:28 +0900
Processing by UsersController#show as HTML
  Parameters: {"id"=>"1"}
  [1m[36mUser Load (1.0ms)[0m  [1m[34mSELECT "users".* FROM "users" WHERE "users"."id" = ? LIMIT ?[0m  [["id", 1], ["LIMIT", 1]]
  â†³ app/controllers/users_controller.rb:67:in `set_user'
  Rendering users/show.html.erb within layouts/application
  Rendered users/show.html.erb within layouts/application (Duration: 1.5ms | Allocations: 286)
[Webpacker] Everything's up-to-date. Nothing to do
Completed 200 OK in 22ms (Views: 12.3ms | ActiveRecord: 1.0ms | Allocations: 5913)


Started GET "/users/1/edit" for ::1 at 2020-04-04 19:04:39 +0900
Processing by UsersController#edit as HTML
  Parameters: {"id"=>"1"}
  [1m[36mUser Load (0.7ms)[0m  [1m[34mSELECT "users".* FROM "users" WHERE "users"."id" = ? LIMIT ?[0m  [["id", 1], ["LIMIT", 1]]
  â†³ app/controllers/users_controller.rb:67:in `set_user'
  Rendering users/edit.html.erb within layouts/application
  Rendered users/_form.html.erb (Duration: 3.4ms | Allocations: 842)
  Rendered users/edit.html.erb within layouts/application (Duration: 6.3ms | Allocations: 1114)
[Webpacker] Everything's up-to-date. Nothing to do
Completed 200 OK in 32ms (Views: 26.3ms | ActiveRecord: 0.7ms | Allocations: 5999)


Started PATCH "/users/1" for ::1 at 2020-04-04 19:05:25 +0900
Processing by UsersController#update as HTML
  Parameters: {"authenticity_token"=>"joHJUhVGd4SJxcql31/8jmUP5rDfyb8osl64FpJMA8/98TJ+t0027rkXwk8QPeIm7aBQkSNZsTAAiTpvctIa5g==", "user"=>{"name"=>"è¥¿æ‘", "email"=>"minami@gmail.com"}, "commit"=>"Update User", "id"=>"1"}
  [1m[36mUser Load (0.3ms)[0m  [1m[34mSELECT "users".* FROM "users" WHERE "users"."id" = ? LIMIT ?[0m  [["id", 1], ["LIMIT", 1]]
  â†³ app/controllers/users_controller.rb:67:in `set_user'
  [1m[35m (0.1ms)[0m  [1m[36mbegin transaction[0m
  â†³ app/controllers/users_controller.rb:44:in `block in update'
  [1m[36mUser Update (0.7ms)[0m  [1m[33mUPDATE "users" SET "name" = ?, "updated_at" = ? WHERE "users"."id" = ?[0m  [["name", "è¥¿æ‘"], ["updated_at", "2020-04-04 10:05:25.049267"], ["id", 1]]
  â†³ app/controllers/users_controller.rb:44:in `block in update'
  [1m[35m (1.5ms)[0m  [1m[36mcommit transaction[0m
  â†³ app/controllers/users_controller.rb:44:in `block in update'
Redirected to http://localhost:3000/users/1
Completed 302 Found in 13ms (ActiveRecord: 2.5ms | Allocations: 3273)


Started GET "/users/1" for ::1 at 2020-04-04 19:05:25 +0900
Processing by UsersController#show as HTML
  Parameters: {"id"=>"1"}
  [1m[36mUser Load (0.3ms)[0m  [1m[34mSELECT "users".* FROM "users" WHERE "users"."id" = ? LIMIT ?[0m  [["id", 1], ["LIMIT", 1]]
  â†³ app/controllers/users_controller.rb:67:in `set_user'
  Rendering users/show.html.erb within layouts/application
  Rendered users/show.html.erb within layouts/application (Duration: 0.3ms | Allocations: 101)
[Webpacker] Everything's up-to-date. Nothing to do
Completed 200 OK in 13ms (Views: 11.0ms | ActiveRecord: 0.3ms | Allocations: 4840)


Started GET "/users" for ::1 at 2020-04-04 19:05:33 +0900
Processing by UsersController#index as HTML
  Rendering users/index.html.erb within layouts/application
  [1m[36mUser Load (0.7ms)[0m  [1m[34mSELECT "users".* FROM "users"[0m
  â†³ app/views/users/index.html.erb:15
  Rendered users/index.html.erb within layouts/application (Duration: 3.5ms | Allocations: 761)
[Webpacker] Everything's up-to-date. Nothing to do
Completed 200 OK in 20ms (Views: 18.4ms | ActiveRecord: 0.7ms | Allocations: 4972)


Started GET "/users/new" for ::1 at 2020-04-04 19:05:36 +0900
Processing by UsersController#new as HTML
  Rendering users/new.html.erb within layouts/application
  Rendered users/_form.html.erb (Duration: 3.2ms | Allocations: 766)
  Rendered users/new.html.erb within layouts/application (Duration: 3.9ms | Allocations: 864)
[Webpacker] Everything's up-to-date. Nothing to do
Completed 200 OK in 19ms (Views: 15.5ms | ActiveRecord: 0.0ms | Allocations: 5086)


Started POST "/users" for ::1 at 2020-04-04 19:05:58 +0900
Processing by UsersController#create as HTML
  Parameters: {"authenticity_token"=>"lX0WSgTdnSyjSO9kIW0jWHrqQCVc1TNKgcYZ+9sBe9pifZzYs0pr7BNWpNo9V4QbUtzf3wQ4K8OE1os0Vu8GXA==", "user"=>{"name"=>"æ£®", "email"=>"rarara.hh"}, "commit"=>"Create User"}
  [1m[35m (0.1ms)[0m  [1m[36mbegin transaction[0m
  â†³ app/controllers/users_controller.rb:30:in `block in create'
  [1m[36mUser Create (0.5ms)[0m  [1m[32mINSERT INTO "users" ("name", "email", "created_at", "updated_at") VALUES (?, ?, ?, ?)[0m  [["name", "æ£®"], ["email", "rarara.hh"], ["created_at", "2020-04-04 10:05:58.800757"], ["updated_at", "2020-04-04 10:05:58.800757"]]
  â†³ app/controllers/users_controller.rb:30:in `block in create'
  [1m[35m (2.0ms)[0m  [1m[36mcommit transaction[0m
  â†³ app/controllers/users_controller.rb:30:in `block in create'
Redirected to http://localhost:3000/users/2
Completed 302 Found in 10ms (ActiveRecord: 2.6ms | Allocations: 2612)


Started GET "/users/2" for ::1 at 2020-04-04 19:05:58 +0900
Processing by UsersController#show as HTML
  Parameters: {"id"=>"2"}
  [1m[36mUser Load (0.2ms)[0m  [1m[34mSELECT "users".* FROM "users" WHERE "users"."id" = ? LIMIT ?[0m  [["id", 2], ["LIMIT", 1]]
  â†³ app/controllers/users_controller.rb:67:in `set_user'
  Rendering users/show.html.erb within layouts/application
  Rendered users/show.html.erb within layouts/application (Duration: 0.5ms | Allocations: 99)
[Webpacker] Everything's up-to-date. Nothing to do
Completed 200 OK in 16ms (Views: 13.1ms | ActiveRecord: 0.2ms | Allocations: 4834)


Started GET "/users" for ::1 at 2020-04-04 19:06:00 +0900
Processing by UsersController#index as HTML
  Rendering users/index.html.erb within layouts/application
  [1m[36mUser Load (0.3ms)[0m  [1m[34mSELECT "users".* FROM "users"[0m
  â†³ app/views/users/index.html.erb:15
  Rendered users/index.html.erb within layouts/application (Duration: 3.7ms | Allocations: 888)
[Webpacker] Everything's up-to-date. Nothing to do
Completed 200 OK in 23ms (Views: 21.1ms | ActiveRecord: 0.3ms | Allocations: 5096)


Started DELETE "/users/1" for ::1 at 2020-04-04 19:06:23 +0900
Processing by UsersController#destroy as HTML
  Parameters: {"authenticity_token"=>"Imft2XfwuSQJUCF957rM5UJlMKr6ZU+mzToTbdMUfX0yh2FMp01xGvPr5XV5z2KwotMNz4X3dbFTXC4B/r3wkA==", "id"=>"1"}
  [1m[36mUser Load (0.3ms)[0m  [1m[34mSELECT "users".* FROM "users" WHERE "users"."id" = ? LIMIT ?[0m  [["id", 1], ["LIMIT", 1]]
  â†³ app/controllers/users_controller.rb:67:in `set_user'
  [1m[35m (0.1ms)[0m  [1m[36mbegin transaction[0m
  â†³ app/controllers/users_controller.rb:57:in `destroy'
  [1m[36mUser Destroy (0.6ms)[0m  [1m[31mDELETE FROM "users" WHERE "users"."id" = ?[0m  [["id", 1]]
  â†³ app/controllers/users_controller.rb:57:in `destroy'
  [1m[35m (1.1ms)[0m  [1m[36mcommit transaction[0m
  â†³ app/controllers/users_controller.rb:57:in `destroy'
Redirected to http://localhost:3000/users
Completed 302 Found in 11ms (ActiveRecord: 2.0ms | Allocations: 2697)


Started GET "/users" for ::1 at 2020-04-04 19:06:23 +0900
Processing by UsersController#index as HTML
  Rendering users/index.html.erb within layouts/application
  [1m[36mUser Load (0.2ms)[0m  [1m[34mSELECT "users".* FROM "users"[0m
  â†³ app/views/users/index.html.erb:15
  Rendered users/index.html.erb within layouts/application (Duration: 3.2ms | Allocations: 762)
[Webpacker] Everything's up-to-date. Nothing to do
Completed 200 OK in 17ms (Views: 15.5ms | ActiveRecord: 0.2ms | Allocations: 4995)


Started GET "/users" for ::1 at 2020-04-04 19:07:09 +0900
Processing by UsersController#index as HTML
  Rendering users/index.html.erb within layouts/application
  [1m[36mUser Load (0.2ms)[0m  [1m[34mSELECT "users".* FROM "users"[0m
  â†³ app/views/users/index.html.erb:15
  Rendered users/index.html.erb within layouts/application (Duration: 2.9ms | Allocations: 759)
[Webpacker] Everything's up-to-date. Nothing to do
Completed 200 OK in 27ms (Views: 25.5ms | ActiveRecord: 0.2ms | Allocations: 4969)


Started DELETE "/users/2" for ::1 at 2020-04-04 19:07:35 +0900
Processing by UsersController#destroy as HTML
  Parameters: {"authenticity_token"=>"rAFBzM8F0YTa0ruw1I7aP2m3cPebBCCQeKonuKJ/I4W84c1ZH7gZuiBpf7hK+3RqiQFNkuSWGofmzBrUj9auaA==", "id"=>"2"}
  [1m[36mUser Load (0.5ms)[0m  [1m[34mSELECT "users".* FROM "users" WHERE "users"."id" = ? LIMIT ?[0m  [["id", 2], ["LIMIT", 1]]
  â†³ app/controllers/users_controller.rb:67:in `set_user'
  [1m[35m (0.1ms)[0m  [1m[36mbegin transaction[0m
  â†³ app/controllers/users_controller.rb:57:in `destroy'
  [1m[36mUser Destroy (2.7ms)[0m  [1m[31mDELETE FROM "users" WHERE "users"."id" = ?[0m  [["id", 2]]
  â†³ app/controllers/users_controller.rb:57:in `destroy'
  [1m[35m (1.6ms)[0m  [1m[36mcommit transaction[0m
  â†³ app/controllers/users_controller.rb:57:in `destroy'
Redirected to http://localhost:3000/users
Completed 302 Found in 13ms (ActiveRecord: 4.8ms | Allocations: 2664)


Started GET "/users" for ::1 at 2020-04-04 19:07:35 +0900
Processing by UsersController#index as HTML
  Rendering users/index.html.erb within layouts/application
  [1m[36mUser Load (0.2ms)[0m  [1m[34mSELECT "users".* FROM "users"[0m
  â†³ app/views/users/index.html.erb:15
  Rendered users/index.html.erb within layouts/application (Duration: 1.6ms | Allocations: 631)
[Webpacker] Everything's up-to-date. Nothing to do
Completed 200 OK in 13ms (Views: 11.7ms | ActiveRecord: 0.2ms | Allocations: 4855)


Started GET "/users" for ::1 at 2020-04-04 20:38:21 +0900
  [1m[35m (0.1ms)[0m  [1m[34mSELECT sqlite_version(*)[0m
Processing by UsersController#index as HTML
  Rendering users/index.html.erb within layouts/application
  [1m[36mUser Load (0.5ms)[0m  [1m[34mSELECT "users".* FROM "users"[0m
  â†³ app/views/users/index.html.erb:15
  Rendered users/index.html.erb within layouts/application (Duration: 3.5ms | Allocations: 916)
[Webpacker] Everything's up-to-date. Nothing to do
Completed 200 OK in 62ms (Views: 56.6ms | ActiveRecord: 0.5ms | Allocations: 5719)


Started GET "/users" for ::1 at 2020-04-04 20:38:22 +0900
Processing by UsersController#index as HTML
  Rendering users/index.html.erb within layouts/application
  [1m[36mUser Load (0.2ms)[0m  [1m[34mSELECT "users".* FROM "users"[0m
  â†³ app/views/users/index.html.erb:15
  Rendered users/index.html.erb within layouts/application (Duration: 2.4ms | Allocations: 628)
[Webpacker] Everything's up-to-date. Nothing to do
Completed 200 OK in 15ms (Views: 13.7ms | ActiveRecord: 0.2ms | Allocations: 4840)


Started GET "/" for ::1 at 2020-04-04 20:38:24 +0900
Processing by UsersController#index as HTML
  Rendering users/index.html.erb within layouts/application
  [1m[36mUser Load (0.2ms)[0m  [1m[34mSELECT "users".* FROM "users"[0m
  â†³ app/views/users/index.html.erb:15
  Rendered users/index.html.erb within layouts/application (Duration: 2.6ms | Allocations: 628)
[Webpacker] Everything's up-to-date. Nothing to do
Completed 200 OK in 20ms (Views: 18.4ms | ActiveRecord: 0.2ms | Allocations: 4839)


Started GET "/" for ::1 at 2020-04-04 20:38:26 +0900
Processing by UsersController#index as HTML
  Rendering users/index.html.erb within layouts/application
  [1m[36mUser Load (0.2ms)[0m  [1m[34mSELECT "users".* FROM "users"[0m
  â†³ app/views/users/index.html.erb:15
  Rendered users/index.html.erb within layouts/application (Duration: 1.9ms | Allocations: 628)
[Webpacker] Everything's up-to-date. Nothing to do
Completed 200 OK in 13ms (Views: 12.0ms | ActiveRecord: 0.2ms | Allocations: 4840)


